#! /c/Source/iverilog-install/bin/vvp
:ivl_version "12.0 (devel)" "(s20150603-1539-g2693dd32b)";
:ivl_delay_selection "TYPICAL";
:vpi_time_precision + 0;
:vpi_module "c:\iverilog\lib\ivl\system.vpi";
:vpi_module "c:\iverilog\lib\ivl\vhdl_sys.vpi";
:vpi_module "c:\iverilog\lib\ivl\vhdl_textio.vpi";
:vpi_module "c:\iverilog\lib\ivl\v2005_math.vpi";
:vpi_module "c:\iverilog\lib\ivl\va_math.vpi";
S_0000017383b61260 .scope module, "dp_mem_merged" "dp_mem_merged" 2 1;
 .timescale 0 0;
    .port_info 0 /INPUT 1 "clk";
    .port_info 1 /INPUT 1 "rst";
    .port_info 2 /INPUT 1 "enb";
    .port_info 3 /INPUT 1 "wr";
    .port_info 4 /INPUT 1 "rd";
    .port_info 5 /INPUT 1 "burst";
    .port_info 6 /INPUT 5 "w_addr";
    .port_info 7 /INPUT 5 "r_addr";
    .port_info 8 /INPUT 8 "w_data";
    .port_info 9 /OUTPUT 8 "r_data";
o0000017383b81228 .functor BUFZ 1, C4<z>; HiZ drive
v0000017383bda7c0_0 .net "burst", 0 0, o0000017383b81228;  0 drivers
o0000017383b81258 .functor BUFZ 1, C4<z>; HiZ drive
v0000017383bda860_0 .net "clk", 0 0, o0000017383b81258;  0 drivers
o0000017383b81288 .functor BUFZ 1, C4<z>; HiZ drive
v0000017383bda900_0 .net "enb", 0 0, o0000017383b81288;  0 drivers
v0000017383bdad10_0 .var "error_corrected", 0 0;
v0000017383bdabd0_0 .var/i "i", 31 0;
v0000017383bda9f0 .array "mem_bank0", 0 7, 11 0;
v0000017383bdb0d0 .array "mem_bank1", 0 7, 11 0;
o0000017383b81318 .functor BUFZ 5, C4<zzzzz>; HiZ drive
v0000017383bdaef0_0 .net "r_addr", 4 0, o0000017383b81318;  0 drivers
v0000017383bdb5d0 .array "r_burst_data", 0 3, 7 0;
v0000017383bdaf90_0 .var "r_data", 7 0;
o0000017383b81378 .functor BUFZ 1, C4<z>; HiZ drive
v0000017383bdb3f0_0 .net "rd", 0 0, o0000017383b81378;  0 drivers
o0000017383b813a8 .functor BUFZ 1, C4<z>; HiZ drive
v0000017383bdb030_0 .net "rst", 0 0, o0000017383b813a8;  0 drivers
o0000017383b813d8 .functor BUFZ 5, C4<zzzzz>; HiZ drive
v0000017383bdb850_0 .net "w_addr", 4 0, o0000017383b813d8;  0 drivers
o0000017383b81408 .functor BUFZ 8, C4<zzzzzzzz>; HiZ drive
v0000017383bdb170_0 .net "w_data", 7 0, o0000017383b81408;  0 drivers
o0000017383b81438 .functor BUFZ 1, C4<z>; HiZ drive
v0000017383bdb210_0 .net "wr", 0 0, o0000017383b81438;  0 drivers
E_0000017383b63770 .event posedge, v0000017383bdb030_0, v0000017383bda860_0;
S_0000017383b64c90 .scope function.vec4.u32, "count_ones" "count_ones" 2 21, 2 21 0, S_0000017383b61260;
 .timescale 0 0;
; Variable count_ones is vec4 return value of scope S_0000017383b64c90
v0000017383b330e0_0 .var "data", 7 0;
v0000017383b64e20_0 .var/i "j", 31 0;
TD_dp_mem_merged.count_ones ;
    %pushi/vec4 0, 0, 32;
    %ret/vec4 0, 0, 32;  Assign to count_ones (store_vec4_to_lval)
    %pushi/vec4 0, 0, 32;
    %store/vec4 v0000017383b64e20_0, 0, 32;
T_0.0 ;
    %load/vec4 v0000017383b64e20_0;
    %cmpi/s 8, 0, 32;
    %jmp/0xz T_0.1, 5;
    %load/vec4 v0000017383b330e0_0;
    %load/vec4 v0000017383b64e20_0;
    %part/s 1;
    %flag_set/vec4 8;
    %jmp/0xz  T_0.2, 8;
    %retload/vec4 0; Load count_ones (draw_signal_vec4)
    %addi 1, 0, 32;
    %ret/vec4 0, 0, 32;  Assign to count_ones (store_vec4_to_lval)
T_0.2 ;
    %load/vec4 v0000017383b64e20_0;
    %addi 1, 0, 32;
    %store/vec4 v0000017383b64e20_0, 0, 32;
    %jmp T_0.0;
T_0.1 ;
    %end;
S_0000017383bda040 .scope function.vec4.s8, "decode_hamming" "decode_hamming" 2 44, 2 44 0, S_0000017383b61260;
 .timescale 0 0;
v0000017383b64ec0_0 .var "code", 11 0;
v0000017383b64f60_0 .var "data", 7 0;
; Variable decode_hamming is vec4 return value of scope S_0000017383bda040
v0000017383bda270_0 .var "p", 3 0;
v0000017383bda310_0 .var "p_calc", 3 0;
v0000017383bda3b0_0 .var "syndrome", 3 0;
TD_dp_mem_merged.decode_hamming ;
    %load/vec4 v0000017383b64ec0_0;
    %parti/s 4, 8, 5;
    %store/vec4 v0000017383bda270_0, 0, 4;
    %load/vec4 v0000017383b64ec0_0;
    %parti/s 8, 0, 2;
    %store/vec4 v0000017383b64f60_0, 0, 8;
    %load/vec4 v0000017383b64f60_0;
    %parti/s 1, 0, 2;
    %load/vec4 v0000017383b64f60_0;
    %parti/s 1, 1, 2;
    %xor;
    %load/vec4 v0000017383b64f60_0;
    %parti/s 1, 3, 3;
    %xor;
    %load/vec4 v0000017383b64f60_0;
    %parti/s 1, 4, 4;
    %xor;
    %load/vec4 v0000017383b64f60_0;
    %parti/s 1, 6, 4;
    %xor;
    %ix/load 4, 0, 0;
    %flag_set/imm 4, 0;
    %store/vec4 v0000017383bda310_0, 4, 1;
    %load/vec4 v0000017383b64f60_0;
    %parti/s 1, 0, 2;
    %load/vec4 v0000017383b64f60_0;
    %parti/s 1, 2, 3;
    %xor;
    %load/vec4 v0000017383b64f60_0;
    %parti/s 1, 3, 3;
    %xor;
    %load/vec4 v0000017383b64f60_0;
    %parti/s 1, 5, 4;
    %xor;
    %load/vec4 v0000017383b64f60_0;
    %parti/s 1, 6, 4;
    %xor;
    %ix/load 4, 1, 0;
    %flag_set/imm 4, 0;
    %store/vec4 v0000017383bda310_0, 4, 1;
    %load/vec4 v0000017383b64f60_0;
    %parti/s 1, 1, 2;
    %load/vec4 v0000017383b64f60_0;
    %parti/s 1, 2, 3;
    %xor;
    %load/vec4 v0000017383b64f60_0;
    %parti/s 1, 3, 3;
    %xor;
    %load/vec4 v0000017383b64f60_0;
    %parti/s 1, 7, 4;
    %xor;
    %ix/load 4, 2, 0;
    %flag_set/imm 4, 0;
    %store/vec4 v0000017383bda310_0, 4, 1;
    %load/vec4 v0000017383b64f60_0;
    %parti/s 1, 4, 4;
    %load/vec4 v0000017383b64f60_0;
    %parti/s 1, 5, 4;
    %xor;
    %load/vec4 v0000017383b64f60_0;
    %parti/s 1, 6, 4;
    %xor;
    %load/vec4 v0000017383b64f60_0;
    %parti/s 1, 7, 4;
    %xor;
    %ix/load 4, 3, 0;
    %flag_set/imm 4, 0;
    %store/vec4 v0000017383bda310_0, 4, 1;
    %load/vec4 v0000017383bda270_0;
    %load/vec4 v0000017383bda310_0;
    %xor;
    %store/vec4 v0000017383bda3b0_0, 0, 4;
    %load/vec4 v0000017383bda3b0_0;
    %cmpi/ne 0, 0, 4;
    %jmp/0xz  T_1.4, 4;
    %load/vec4 v0000017383b64f60_0;
    %load/vec4 v0000017383bda3b0_0;
    %pad/u 32;
    %subi 1, 0, 32;
    %part/u 1;
    %inv;
    %load/vec4 v0000017383bda3b0_0;
    %pad/u 32;
    %subi 1, 0, 32;
    %ix/vec4 4;
    %store/vec4 v0000017383b64f60_0, 4, 1;
    %pushi/vec4 1, 0, 1;
    %load/vec4 v0000017383b64f60_0;
    %concat/vec4; draw_concat_vec4
    %pad/u 8;
    %ret/vec4 0, 0, 8;  Assign to decode_hamming (store_vec4_to_lval)
    %jmp T_1.5;
T_1.4 ;
    %pushi/vec4 0, 0, 1;
    %load/vec4 v0000017383b64f60_0;
    %concat/vec4; draw_concat_vec4
    %pad/u 8;
    %ret/vec4 0, 0, 8;  Assign to decode_hamming (store_vec4_to_lval)
T_1.5 ;
    %end;
S_0000017383bda450 .scope function.vec4.s12, "encode_hamming" "encode_hamming" 2 32, 2 32 0, S_0000017383b61260;
 .timescale 0 0;
v0000017383bda5e0_0 .var "data", 7 0;
; Variable encode_hamming is vec4 return value of scope S_0000017383bda450
v0000017383bda720_0 .var "p", 3 0;
TD_dp_mem_merged.encode_hamming ;
    %load/vec4 v0000017383bda5e0_0;
    %parti/s 1, 0, 2;
    %load/vec4 v0000017383bda5e0_0;
    %parti/s 1, 1, 2;
    %xor;
    %load/vec4 v0000017383bda5e0_0;
    %parti/s 1, 3, 3;
    %xor;
    %load/vec4 v0000017383bda5e0_0;
    %parti/s 1, 4, 4;
    %xor;
    %load/vec4 v0000017383bda5e0_0;
    %parti/s 1, 6, 4;
    %xor;
    %ix/load 4, 0, 0;
    %flag_set/imm 4, 0;
    %store/vec4 v0000017383bda720_0, 4, 1;
    %load/vec4 v0000017383bda5e0_0;
    %parti/s 1, 0, 2;
    %load/vec4 v0000017383bda5e0_0;
    %parti/s 1, 2, 3;
    %xor;
    %load/vec4 v0000017383bda5e0_0;
    %parti/s 1, 3, 3;
    %xor;
    %load/vec4 v0000017383bda5e0_0;
    %parti/s 1, 5, 4;
    %xor;
    %load/vec4 v0000017383bda5e0_0;
    %parti/s 1, 6, 4;
    %xor;
    %ix/load 4, 1, 0;
    %flag_set/imm 4, 0;
    %store/vec4 v0000017383bda720_0, 4, 1;
    %load/vec4 v0000017383bda5e0_0;
    %parti/s 1, 1, 2;
    %load/vec4 v0000017383bda5e0_0;
    %parti/s 1, 2, 3;
    %xor;
    %load/vec4 v0000017383bda5e0_0;
    %parti/s 1, 3, 3;
    %xor;
    %load/vec4 v0000017383bda5e0_0;
    %parti/s 1, 7, 4;
    %xor;
    %ix/load 4, 2, 0;
    %flag_set/imm 4, 0;
    %store/vec4 v0000017383bda720_0, 4, 1;
    %load/vec4 v0000017383bda5e0_0;
    %parti/s 1, 4, 4;
    %load/vec4 v0000017383bda5e0_0;
    %parti/s 1, 5, 4;
    %xor;
    %load/vec4 v0000017383bda5e0_0;
    %parti/s 1, 6, 4;
    %xor;
    %load/vec4 v0000017383bda5e0_0;
    %parti/s 1, 7, 4;
    %xor;
    %ix/load 4, 3, 0;
    %flag_set/imm 4, 0;
    %store/vec4 v0000017383bda720_0, 4, 1;
    %load/vec4 v0000017383bda720_0;
    %load/vec4 v0000017383bda5e0_0;
    %concat/vec4; draw_concat_vec4
    %ret/vec4 0, 0, 12;  Assign to encode_hamming (store_vec4_to_lval)
    %end;
    .scope S_0000017383b61260;
T_3 ;
    %wait E_0000017383b63770;
    %load/vec4 v0000017383bdb030_0;
    %flag_set/vec4 8;
    %jmp/0xz  T_3.0, 8;
    %pushi/vec4 0, 0, 32;
    %store/vec4 v0000017383bdabd0_0, 0, 32;
T_3.2 ;
    %load/vec4 v0000017383bdabd0_0;
    %cmpi/s 8, 0, 32;
    %jmp/0xz T_3.3, 5;
    %pushi/vec4 0, 0, 12;
    %ix/getv/s 3, v0000017383bdabd0_0;
    %ix/load 4, 0, 0; Constant delay
    %assign/vec4/a/d v0000017383bda9f0, 0, 4;
    %pushi/vec4 0, 0, 12;
    %ix/getv/s 3, v0000017383bdabd0_0;
    %ix/load 4, 0, 0; Constant delay
    %assign/vec4/a/d v0000017383bdb0d0, 0, 4;
    %load/vec4 v0000017383bdabd0_0;
    %addi 1, 0, 32;
    %store/vec4 v0000017383bdabd0_0, 0, 32;
    %jmp T_3.2;
T_3.3 ;
    %pushi/vec4 0, 0, 8;
    %assign/vec4 v0000017383bdaf90_0, 0;
    %pushi/vec4 0, 0, 1;
    %assign/vec4 v0000017383bdad10_0, 0;
    %jmp T_3.1;
T_3.0 ;
    %load/vec4 v0000017383bda900_0;
    %flag_set/vec4 8;
    %jmp/0xz  T_3.4, 8;
    %load/vec4 v0000017383bdb210_0;
    %flag_set/vec4 9;
    %flag_get/vec4 9;
    %jmp/0 T_3.8, 9;
    %load/vec4 v0000017383bdb3f0_0;
    %nor/r;
    %and;
T_3.8;
    %flag_set/vec4 8;
    %jmp/0xz  T_3.6, 8;
    %load/vec4 v0000017383bda7c0_0;
    %flag_set/vec4 8;
    %jmp/0xz  T_3.9, 8;
    %pushi/vec4 0, 0, 32;
    %store/vec4 v0000017383bdabd0_0, 0, 32;
T_3.11 ;
    %load/vec4 v0000017383bdabd0_0;
    %cmpi/s 4, 0, 32;
    %jmp/0xz T_3.12, 5;
    %load/vec4 v0000017383bdb850_0;
    %parti/s 1, 4, 4;
    %flag_set/vec4 8;
    %jmp/0xz  T_3.13, 8;
    %load/vec4 v0000017383bdb170_0;
    %pad/u 32;
    %load/vec4 v0000017383bdabd0_0;
    %add;
    %store/vec4 v0000017383b330e0_0, 0, 8;
    %callf/vec4 TD_dp_mem_merged.count_ones, S_0000017383b64c90;
    %cmpi/s 4, 0, 32;
    %flag_or 5, 4; GT is !LE
    %flag_inv 5;
    %flag_mov 8, 5;
    %jmp/0 T_3.15, 8;
    %load/vec4 v0000017383bdb170_0;
    %pad/u 32;
    %load/vec4 v0000017383bdabd0_0;
    %add;
    %inv;
    %jmp/1 T_3.16, 8;
T_3.15 ; End of true expr.
    %load/vec4 v0000017383bdb170_0;
    %pad/u 32;
    %load/vec4 v0000017383bdabd0_0;
    %add;
    %jmp/0 T_3.16, 8;
 ; End of false expr.
    %blend;
T_3.16;
    %store/vec4 v0000017383bda5e0_0, 0, 8;
    %callf/vec4 TD_dp_mem_merged.encode_hamming, S_0000017383bda450;
    %load/vec4 v0000017383bdb850_0;
    %parti/s 4, 0, 2;
    %pad/u 32;
    %load/vec4 v0000017383bdabd0_0;
    %add;
    %ix/vec4 3;
    %ix/load 4, 0, 0; Constant delay
    %assign/vec4/a/d v0000017383bdb0d0, 0, 4;
    %jmp T_3.14;
T_3.13 ;
    %load/vec4 v0000017383bdb170_0;
    %pad/u 32;
    %load/vec4 v0000017383bdabd0_0;
    %add;
    %store/vec4 v0000017383b330e0_0, 0, 8;
    %callf/vec4 TD_dp_mem_merged.count_ones, S_0000017383b64c90;
    %cmpi/s 4, 0, 32;
    %flag_or 5, 4; GT is !LE
    %flag_inv 5;
    %flag_mov 8, 5;
    %jmp/0 T_3.17, 8;
    %load/vec4 v0000017383bdb170_0;
    %pad/u 32;
    %load/vec4 v0000017383bdabd0_0;
    %add;
    %inv;
    %jmp/1 T_3.18, 8;
T_3.17 ; End of true expr.
    %load/vec4 v0000017383bdb170_0;
    %pad/u 32;
    %load/vec4 v0000017383bdabd0_0;
    %add;
    %jmp/0 T_3.18, 8;
 ; End of false expr.
    %blend;
T_3.18;
    %store/vec4 v0000017383bda5e0_0, 0, 8;
    %callf/vec4 TD_dp_mem_merged.encode_hamming, S_0000017383bda450;
    %load/vec4 v0000017383bdb850_0;
    %parti/s 4, 0, 2;
    %pad/u 32;
    %load/vec4 v0000017383bdabd0_0;
    %add;
    %ix/vec4 3;
    %ix/load 4, 0, 0; Constant delay
    %assign/vec4/a/d v0000017383bda9f0, 0, 4;
T_3.14 ;
    %load/vec4 v0000017383bdabd0_0;
    %addi 1, 0, 32;
    %store/vec4 v0000017383bdabd0_0, 0, 32;
    %jmp T_3.11;
T_3.12 ;
    %jmp T_3.10;
T_3.9 ;
    %load/vec4 v0000017383bdb850_0;
    %parti/s 1, 4, 4;
    %flag_set/vec4 8;
    %jmp/0xz  T_3.19, 8;
    %load/vec4 v0000017383bdb170_0;
    %store/vec4 v0000017383b330e0_0, 0, 8;
    %callf/vec4 TD_dp_mem_merged.count_ones, S_0000017383b64c90;
    %cmpi/s 4, 0, 32;
    %flag_or 5, 4; GT is !LE
    %flag_inv 5;
    %flag_mov 8, 5;
    %jmp/0 T_3.21, 8;
    %load/vec4 v0000017383bdb170_0;
    %inv;
    %jmp/1 T_3.22, 8;
T_3.21 ; End of true expr.
    %load/vec4 v0000017383bdb170_0;
    %jmp/0 T_3.22, 8;
 ; End of false expr.
    %blend;
T_3.22;
    %store/vec4 v0000017383bda5e0_0, 0, 8;
    %callf/vec4 TD_dp_mem_merged.encode_hamming, S_0000017383bda450;
    %load/vec4 v0000017383bdb850_0;
    %parti/s 4, 0, 2;
    %pad/u 5;
    %ix/vec4 3;
    %ix/load 4, 0, 0; Constant delay
    %assign/vec4/a/d v0000017383bdb0d0, 0, 4;
    %jmp T_3.20;
T_3.19 ;
    %load/vec4 v0000017383bdb170_0;
    %store/vec4 v0000017383b330e0_0, 0, 8;
    %callf/vec4 TD_dp_mem_merged.count_ones, S_0000017383b64c90;
    %cmpi/s 4, 0, 32;
    %flag_or 5, 4; GT is !LE
    %flag_inv 5;
    %flag_mov 8, 5;
    %jmp/0 T_3.23, 8;
    %load/vec4 v0000017383bdb170_0;
    %inv;
    %jmp/1 T_3.24, 8;
T_3.23 ; End of true expr.
    %load/vec4 v0000017383bdb170_0;
    %jmp/0 T_3.24, 8;
 ; End of false expr.
    %blend;
T_3.24;
    %store/vec4 v0000017383bda5e0_0, 0, 8;
    %callf/vec4 TD_dp_mem_merged.encode_hamming, S_0000017383bda450;
    %load/vec4 v0000017383bdb850_0;
    %parti/s 4, 0, 2;
    %pad/u 5;
    %ix/vec4 3;
    %ix/load 4, 0, 0; Constant delay
    %assign/vec4/a/d v0000017383bda9f0, 0, 4;
T_3.20 ;
T_3.10 ;
T_3.6 ;
    %load/vec4 v0000017383bdb210_0;
    %nor/r;
    %flag_set/vec4 9;
    %flag_get/vec4 9;
    %jmp/0 T_3.27, 9;
    %load/vec4 v0000017383bdb3f0_0;
    %and;
T_3.27;
    %flag_set/vec4 8;
    %jmp/0xz  T_3.25, 8;
    %load/vec4 v0000017383bda7c0_0;
    %flag_set/vec4 8;
    %jmp/0xz  T_3.28, 8;
    %pushi/vec4 0, 0, 32;
    %store/vec4 v0000017383bdabd0_0, 0, 32;
T_3.30 ;
    %load/vec4 v0000017383bdabd0_0;
    %cmpi/s 4, 0, 32;
    %jmp/0xz T_3.31, 5;
    %load/vec4 v0000017383bdaef0_0;
    %parti/s 1, 4, 4;
    %flag_set/vec4 8;
    %jmp/0xz  T_3.32, 8;
    %load/vec4 v0000017383bdaef0_0;
    %parti/s 4, 0, 2;
    %pad/u 32;
    %load/vec4 v0000017383bdabd0_0;
    %add;
    %ix/vec4 4;
    %load/vec4a v0000017383bdb0d0, 4;
    %store/vec4 v0000017383b64ec0_0, 0, 12;
    %callf/vec4 TD_dp_mem_merged.decode_hamming, S_0000017383bda040;
    %pad/u 9;
    %split/vec4 8;
    %ix/getv/s 3, v0000017383bdabd0_0;
    %ix/load 4, 0, 0; Constant delay
    %assign/vec4/a/d v0000017383bdb5d0, 0, 4;
    %assign/vec4 v0000017383bdad10_0, 0;
    %jmp T_3.33;
T_3.32 ;
    %load/vec4 v0000017383bdaef0_0;
    %parti/s 4, 0, 2;
    %pad/u 32;
    %load/vec4 v0000017383bdabd0_0;
    %add;
    %ix/vec4 4;
    %load/vec4a v0000017383bda9f0, 4;
    %store/vec4 v0000017383b64ec0_0, 0, 12;
    %callf/vec4 TD_dp_mem_merged.decode_hamming, S_0000017383bda040;
    %pad/u 9;
    %split/vec4 8;
    %ix/getv/s 3, v0000017383bdabd0_0;
    %ix/load 4, 0, 0; Constant delay
    %assign/vec4/a/d v0000017383bdb5d0, 0, 4;
    %assign/vec4 v0000017383bdad10_0, 0;
T_3.33 ;
    %load/vec4 v0000017383bdad10_0;
    %flag_set/vec4 8;
    %jmp/0xz  T_3.34, 8;
    %load/vec4 v0000017383bdaef0_0;
    %pad/u 32;
    %load/vec4 v0000017383bdabd0_0;
    %add;
    %vpi_call 2 109 "$display", "Error corrected at address %d", S<0,vec4,u32> {1 0 0};
T_3.34 ;
    %load/vec4 v0000017383bdabd0_0;
    %addi 1, 0, 32;
    %store/vec4 v0000017383bdabd0_0, 0, 32;
    %jmp T_3.30;
T_3.31 ;
    %jmp T_3.29;
T_3.28 ;
    %load/vec4 v0000017383bdaef0_0;
    %parti/s 1, 4, 4;
    %flag_set/vec4 8;
    %jmp/0xz  T_3.36, 8;
    %load/vec4 v0000017383bdaef0_0;
    %parti/s 4, 0, 2;
    %pad/u 5;
    %ix/vec4 4;
    %load/vec4a v0000017383bdb0d0, 4;
    %store/vec4 v0000017383b64ec0_0, 0, 12;
    %callf/vec4 TD_dp_mem_merged.decode_hamming, S_0000017383bda040;
    %pad/u 9;
    %split/vec4 8;
    %assign/vec4 v0000017383bdaf90_0, 0;
    %assign/vec4 v0000017383bdad10_0, 0;
    %jmp T_3.37;
T_3.36 ;
    %load/vec4 v0000017383bdaef0_0;
    %parti/s 4, 0, 2;
    %pad/u 5;
    %ix/vec4 4;
    %load/vec4a v0000017383bda9f0, 4;
    %store/vec4 v0000017383b64ec0_0, 0, 12;
    %callf/vec4 TD_dp_mem_merged.decode_hamming, S_0000017383bda040;
    %pad/u 9;
    %split/vec4 8;
    %assign/vec4 v0000017383bdaf90_0, 0;
    %assign/vec4 v0000017383bdad10_0, 0;
T_3.37 ;
    %load/vec4 v0000017383bdad10_0;
    %flag_set/vec4 8;
    %jmp/0xz  T_3.38, 8;
    %vpi_call 2 118 "$display", "Error corrected at address %d", v0000017383bdaef0_0 {0 0 0};
T_3.38 ;
T_3.29 ;
T_3.25 ;
T_3.4 ;
T_3.1 ;
    %jmp T_3;
    .thread T_3;
# The file index is used to find the file name in the following table.
:file_names 3;
    "N/A";
    "<interactive>";
    "dualPortFinal.v";
