#! /c/Source/iverilog-install/bin/vvp
:ivl_version "12.0 (devel)" "(s20150603-1539-g2693dd32b)";
:ivl_delay_selection "TYPICAL";
:vpi_time_precision + 0;
:vpi_module "c:\iverilog\lib\ivl\system.vpi";
:vpi_module "c:\iverilog\lib\ivl\vhdl_sys.vpi";
:vpi_module "c:\iverilog\lib\ivl\vhdl_textio.vpi";
:vpi_module "c:\iverilog\lib\ivl\v2005_math.vpi";
:vpi_module "c:\iverilog\lib\ivl\va_math.vpi";
S_0000020eeb80c370 .scope module, "dp_mem" "dp_mem" 2 1;
 .timescale 0 0;
    .port_info 0 /INPUT 1 "clk";
    .port_info 1 /INPUT 1 "rst";
    .port_info 2 /INPUT 1 "enb";
    .port_info 3 /INPUT 1 "wr";
    .port_info 4 /INPUT 1 "rd";
    .port_info 5 /INPUT 5 "w_addr";
    .port_info 6 /INPUT 5 "r_addr";
    .port_info 7 /INPUT 8 "w_data";
    .port_info 8 /OUTPUT 8 "r_data";
o0000020eeb85afd8 .functor BUFZ 1, C4<z>; HiZ drive
v0000020eeb80c500_0 .net "clk", 0 0, o0000020eeb85afd8;  0 drivers
o0000020eeb85b008 .functor BUFZ 1, C4<z>; HiZ drive
v0000020eeb823120_0 .net "enb", 0 0, o0000020eeb85b008;  0 drivers
v0000020eeb8530c0_0 .var/i "i", 31 0;
v0000020eeb853160 .array "mem", 0 15, 7 0;
o0000020eeb85b068 .functor BUFZ 5, C4<zzzzz>; HiZ drive
v0000020eeb853200_0 .net "r_addr", 4 0, o0000020eeb85b068;  0 drivers
v0000020eeb8532a0_0 .var "r_data", 7 0;
o0000020eeb85b0c8 .functor BUFZ 1, C4<z>; HiZ drive
v0000020eeb853340_0 .net "rd", 0 0, o0000020eeb85b0c8;  0 drivers
o0000020eeb85b0f8 .functor BUFZ 1, C4<z>; HiZ drive
v0000020eeb8533e0_0 .net "rst", 0 0, o0000020eeb85b0f8;  0 drivers
o0000020eeb85b128 .functor BUFZ 5, C4<zzzzz>; HiZ drive
v0000020eeb853480_0 .net "w_addr", 4 0, o0000020eeb85b128;  0 drivers
o0000020eeb85b158 .functor BUFZ 8, C4<zzzzzzzz>; HiZ drive
v0000020eeb853520_0 .net "w_data", 7 0, o0000020eeb85b158;  0 drivers
o0000020eeb85b188 .functor BUFZ 1, C4<z>; HiZ drive
v0000020eeb8535c0_0 .net "wr", 0 0, o0000020eeb85b188;  0 drivers
E_0000020eeb8599b0 .event posedge, v0000020eeb80c500_0;
    .scope S_0000020eeb80c370;
T_0 ;
    %wait E_0000020eeb8599b0;
    %load/vec4 v0000020eeb8533e0_0;
    %nor/r;
    %flag_set/vec4 8;
    %jmp/0xz  T_0.0, 8;
    %pushi/vec4 0, 0, 32;
    %store/vec4 v0000020eeb8530c0_0, 0, 32;
T_0.2 ;
    %load/vec4 v0000020eeb8530c0_0;
    %cmpi/s 16, 0, 32;
    %jmp/0xz T_0.3, 5;
    %pushi/vec4 255, 255, 8;
    %ix/getv/s 3, v0000020eeb8530c0_0;
    %ix/load 4, 0, 0; Constant delay
    %assign/vec4/a/d v0000020eeb853160, 0, 4;
    %load/vec4 v0000020eeb8530c0_0;
    %addi 1, 0, 32;
    %store/vec4 v0000020eeb8530c0_0, 0, 32;
    %jmp T_0.2;
T_0.3 ;
    %jmp T_0.1;
T_0.0 ;
    %load/vec4 v0000020eeb823120_0;
    %flag_set/vec4 8;
    %jmp/0xz  T_0.4, 8;
    %load/vec4 v0000020eeb8535c0_0;
    %pad/u 32;
    %cmpi/e 1, 0, 32;
    %flag_get/vec4 4;
    %jmp/0 T_0.8, 4;
    %load/vec4 v0000020eeb853340_0;
    %pad/u 32;
    %pushi/vec4 0, 0, 32;
    %cmp/e;
    %flag_get/vec4 4;
    %and;
T_0.8;
    %flag_set/vec4 8;
    %jmp/0xz  T_0.6, 8;
    %load/vec4 v0000020eeb853520_0;
    %load/vec4 v0000020eeb853480_0;
    %pad/u 6;
    %ix/vec4 3;
    %ix/load 4, 0, 0; Constant delay
    %assign/vec4/a/d v0000020eeb853160, 0, 4;
    %jmp T_0.7;
T_0.6 ;
    %load/vec4 v0000020eeb8535c0_0;
    %pad/u 32;
    %cmpi/e 0, 0, 32;
    %flag_get/vec4 4;
    %jmp/0 T_0.11, 4;
    %load/vec4 v0000020eeb853340_0;
    %pad/u 32;
    %pushi/vec4 1, 0, 32;
    %cmp/e;
    %flag_get/vec4 4;
    %and;
T_0.11;
    %flag_set/vec4 8;
    %jmp/0xz  T_0.9, 8;
    %load/vec4 v0000020eeb853200_0;
    %pad/u 6;
    %ix/vec4 4;
    %load/vec4a v0000020eeb853160, 4;
    %assign/vec4 v0000020eeb8532a0_0, 0;
    %jmp T_0.10;
T_0.9 ;
    %load/vec4 v0000020eeb8535c0_0;
    %pad/u 32;
    %cmpi/e 1, 0, 32;
    %flag_get/vec4 4;
    %jmp/0 T_0.14, 4;
    %load/vec4 v0000020eeb853340_0;
    %pad/u 32;
    %pushi/vec4 1, 0, 32;
    %cmp/e;
    %flag_get/vec4 4;
    %and;
T_0.14;
    %flag_set/vec4 8;
    %jmp/0xz  T_0.12, 8;
    %load/vec4 v0000020eeb853520_0;
    %load/vec4 v0000020eeb853480_0;
    %pad/u 6;
    %ix/vec4 3;
    %ix/load 4, 0, 0; Constant delay
    %assign/vec4/a/d v0000020eeb853160, 0, 4;
    %load/vec4 v0000020eeb853200_0;
    %pad/u 6;
    %ix/vec4 4;
    %load/vec4a v0000020eeb853160, 4;
    %assign/vec4 v0000020eeb8532a0_0, 0;
    %jmp T_0.13;
T_0.12 ;
    %pushi/vec4 0, 0, 32;
    %store/vec4 v0000020eeb8530c0_0, 0, 32;
T_0.15 ;
    %load/vec4 v0000020eeb8530c0_0;
    %cmpi/s 16, 0, 32;
    %jmp/0xz T_0.16, 5;
    %ix/getv/s 4, v0000020eeb8530c0_0;
    %load/vec4a v0000020eeb853160, 4;
    %ix/getv/s 3, v0000020eeb8530c0_0;
    %ix/load 4, 0, 0; Constant delay
    %assign/vec4/a/d v0000020eeb853160, 0, 4;
    %load/vec4 v0000020eeb8530c0_0;
    %addi 1, 0, 32;
    %store/vec4 v0000020eeb8530c0_0, 0, 32;
    %jmp T_0.15;
T_0.16 ;
T_0.13 ;
T_0.10 ;
T_0.7 ;
    %jmp T_0.5;
T_0.4 ;
    %pushi/vec4 0, 0, 32;
    %store/vec4 v0000020eeb8530c0_0, 0, 32;
T_0.17 ;
    %load/vec4 v0000020eeb8530c0_0;
    %cmpi/s 16, 0, 32;
    %jmp/0xz T_0.18, 5;
    %ix/getv/s 4, v0000020eeb8530c0_0;
    %load/vec4a v0000020eeb853160, 4;
    %ix/getv/s 3, v0000020eeb8530c0_0;
    %ix/load 4, 0, 0; Constant delay
    %assign/vec4/a/d v0000020eeb853160, 0, 4;
    %load/vec4 v0000020eeb8530c0_0;
    %addi 1, 0, 32;
    %store/vec4 v0000020eeb8530c0_0, 0, 32;
    %jmp T_0.17;
T_0.18 ;
T_0.5 ;
T_0.1 ;
    %jmp T_0;
    .thread T_0;
# The file index is used to find the file name in the following table.
:file_names 3;
    "N/A";
    "<interactive>";
    "dualPortRAM.v";
