#! /c/Source/iverilog-install/bin/vvp
:ivl_version "12.0 (devel)" "(s20150603-1539-g2693dd32b)";
:ivl_delay_selection "TYPICAL";
:vpi_time_precision + 0;
:vpi_module "c:\iverilog\lib\ivl\system.vpi";
:vpi_module "c:\iverilog\lib\ivl\vhdl_sys.vpi";
:vpi_module "c:\iverilog\lib\ivl\vhdl_textio.vpi";
:vpi_module "c:\iverilog\lib\ivl\v2005_math.vpi";
:vpi_module "c:\iverilog\lib\ivl\va_math.vpi";
S_0000022d73772ce0 .scope module, "dual_port_ram" "dual_port_ram" 2 1;
 .timescale 0 0;
    .port_info 0 /INPUT 1 "clk";
    .port_info 1 /INPUT 1 "rst";
    .port_info 2 /INPUT 1 "wr_en";
    .port_info 3 /INPUT 8 "data_in";
    .port_info 4 /INPUT 4 "addr_in_0";
    .port_info 5 /INPUT 4 "addr_in_1";
    .port_info 6 /INPUT 1 "port_en_0";
    .port_info 7 /INPUT 1 "port_en_1";
    .port_info 8 /INPUT 6 "burst_len_0";
    .port_info 9 /INPUT 6 "burst_len_1";
    .port_info 10 /INPUT 1 "burst_en_0";
    .port_info 11 /INPUT 1 "burst_en_1";
    .port_info 12 /OUTPUT 8 "data_out_0";
    .port_info 13 /OUTPUT 8 "data_out_1";
    .port_info 14 /OUTPUT 1 "ram_passed";
v0000022d737954d0_0 .net *"_ivl_0", 7 0, L_0000022d737a20a0;  1 drivers
v0000022d7389bac0_0 .net *"_ivl_10", 7 0, L_0000022d737a12e0;  1 drivers
v0000022d73773360_0 .net *"_ivl_12", 9 0, L_0000022d737a1380;  1 drivers
L_0000022d737fef70 .functor BUFT 1, C4<000000>, C4<0>, C4<0>, C4<0>;
v0000022d73772f70_0 .net *"_ivl_15", 5 0, L_0000022d737fef70;  1 drivers
o0000022d737ae078 .functor BUFZ 8, C4<zzzzzzzz>; HiZ drive
; Elide local net with no drivers, v0000022d73773010_0 name=_ivl_16
v0000022d737730b0_0 .net *"_ivl_2", 9 0, L_0000022d737a2140;  1 drivers
L_0000022d737fef28 .functor BUFT 1, C4<000000>, C4<0>, C4<0>, C4<0>;
v0000022d737f6c20_0 .net *"_ivl_5", 5 0, L_0000022d737fef28;  1 drivers
o0000022d737ae108 .functor BUFZ 8, C4<zzzzzzzz>; HiZ drive
; Elide local net with no drivers, v0000022d737f6cc0_0 name=_ivl_6
o0000022d737ae138 .functor BUFZ 4, C4<zzzz>; HiZ drive
v0000022d737f6d60_0 .net "addr_in_0", 3 0, o0000022d737ae138;  0 drivers
o0000022d737ae168 .functor BUFZ 4, C4<zzzz>; HiZ drive
v0000022d737a1a60_0 .net "addr_in_1", 3 0, o0000022d737ae168;  0 drivers
v0000022d737a1ce0_0 .var "burst_addr_0", 5 0;
v0000022d737a1420_0 .var "burst_addr_1", 5 0;
o0000022d737ae1f8 .functor BUFZ 1, C4<z>; HiZ drive
v0000022d737a1740_0 .net "burst_en_0", 0 0, o0000022d737ae1f8;  0 drivers
o0000022d737ae228 .functor BUFZ 1, C4<z>; HiZ drive
v0000022d737a17e0_0 .net "burst_en_1", 0 0, o0000022d737ae228;  0 drivers
o0000022d737ae258 .functor BUFZ 6, C4<zzzzzz>; HiZ drive
v0000022d737a1ec0_0 .net "burst_len_0", 5 0, o0000022d737ae258;  0 drivers
o0000022d737ae288 .functor BUFZ 6, C4<zzzzzz>; HiZ drive
v0000022d737a1880_0 .net "burst_len_1", 5 0, o0000022d737ae288;  0 drivers
o0000022d737ae2b8 .functor BUFZ 1, C4<z>; HiZ drive
v0000022d737a1920_0 .net "clk", 0 0, o0000022d737ae2b8;  0 drivers
o0000022d737ae2e8 .functor BUFZ 8, C4<zzzzzzzz>; HiZ drive
v0000022d737a19c0_0 .net "data_in", 7 0, o0000022d737ae2e8;  0 drivers
v0000022d737a1ba0_0 .net "data_out_0", 7 0, L_0000022d737a16a0;  1 drivers
v0000022d737a1b00_0 .net "data_out_1", 7 0, L_0000022d737a1560;  1 drivers
o0000022d737ae378 .functor BUFZ 1, C4<z>; HiZ drive
v0000022d737a1f60_0 .net "port_en_0", 0 0, o0000022d737ae378;  0 drivers
o0000022d737ae3a8 .functor BUFZ 1, C4<z>; HiZ drive
v0000022d737a1240_0 .net "port_en_1", 0 0, o0000022d737ae3a8;  0 drivers
v0000022d737a2000 .array "ram", 255 0, 7 0;
v0000022d737a1c40_0 .var "ram_passed", 0 0;
o0000022d737ae408 .functor BUFZ 1, C4<z>; HiZ drive
v0000022d737a1d80_0 .net "rst", 0 0, o0000022d737ae408;  0 drivers
o0000022d737ae438 .functor BUFZ 1, C4<z>; HiZ drive
v0000022d737a1e20_0 .net "wr_en", 0 0, o0000022d737ae438;  0 drivers
E_0000022d7389a0d0 .event posedge, v0000022d737a1d80_0, v0000022d737a1920_0;
L_0000022d737a20a0 .array/port v0000022d737a2000, L_0000022d737a2140;
L_0000022d737a2140 .concat [ 4 6 0 0], o0000022d737ae138, L_0000022d737fef28;
L_0000022d737a16a0 .functor MUXZ 8, o0000022d737ae108, L_0000022d737a20a0, o0000022d737ae378, C4<>;
L_0000022d737a12e0 .array/port v0000022d737a2000, L_0000022d737a1380;
L_0000022d737a1380 .concat [ 4 6 0 0], o0000022d737ae168, L_0000022d737fef70;
L_0000022d737a1560 .functor MUXZ 8, o0000022d737ae078, L_0000022d737a12e0, o0000022d737ae3a8, C4<>;
    .scope S_0000022d73772ce0;
T_0 ;
    %wait E_0000022d7389a0d0;
    %load/vec4 v0000022d737a1d80_0;
    %flag_set/vec4 8;
    %jmp/0xz  T_0.0, 8;
    %pushi/vec4 0, 0, 6;
    %assign/vec4 v0000022d737a1ce0_0, 0;
    %pushi/vec4 0, 0, 6;
    %assign/vec4 v0000022d737a1420_0, 0;
    %pushi/vec4 1, 0, 1;
    %assign/vec4 v0000022d737a1c40_0, 0;
    %jmp T_0.1;
T_0.0 ;
    %load/vec4 v0000022d737a1f60_0;
    %flag_set/vec4 10;
    %flag_get/vec4 10;
    %jmp/0 T_0.5, 10;
    %load/vec4 v0000022d737a1e20_0;
    %and;
T_0.5;
    %flag_set/vec4 9;
    %flag_get/vec4 9;
    %jmp/0 T_0.4, 9;
    %load/vec4 v0000022d737a1740_0;
    %and;
T_0.4;
    %flag_set/vec4 8;
    %jmp/0xz  T_0.2, 8;
    %load/vec4 v0000022d737a19c0_0;
    %load/vec4 v0000022d737f6d60_0;
    %pad/u 6;
    %load/vec4 v0000022d737a1ce0_0;
    %add;
    %pad/u 10;
    %ix/vec4 3;
    %ix/load 4, 0, 0; Constant delay
    %assign/vec4/a/d v0000022d737a2000, 0, 4;
    %load/vec4 v0000022d737a1ce0_0;
    %addi 1, 0, 6;
    %assign/vec4 v0000022d737a1ce0_0, 0;
    %load/vec4 v0000022d737a1ce0_0;
    %pad/u 32;
    %load/vec4 v0000022d737a1ec0_0;
    %pad/u 32;
    %subi 1, 0, 32;
    %cmp/e;
    %jmp/0xz  T_0.6, 4;
    %pushi/vec4 0, 0, 6;
    %assign/vec4 v0000022d737a1ce0_0, 0;
T_0.6 ;
T_0.2 ;
    %load/vec4 v0000022d737a1240_0;
    %flag_set/vec4 10;
    %flag_get/vec4 10;
    %jmp/0 T_0.11, 10;
    %load/vec4 v0000022d737a1e20_0;
    %nor/r;
    %and;
T_0.11;
    %flag_set/vec4 9;
    %flag_get/vec4 9;
    %jmp/0 T_0.10, 9;
    %load/vec4 v0000022d737a17e0_0;
    %and;
T_0.10;
    %flag_set/vec4 8;
    %jmp/0xz  T_0.8, 8;
    %load/vec4 v0000022d737a1420_0;
    %addi 1, 0, 6;
    %assign/vec4 v0000022d737a1420_0, 0;
    %load/vec4 v0000022d737a1420_0;
    %pad/u 32;
    %load/vec4 v0000022d737a1880_0;
    %pad/u 32;
    %subi 1, 0, 32;
    %cmp/e;
    %jmp/0xz  T_0.12, 4;
    %pushi/vec4 0, 0, 6;
    %assign/vec4 v0000022d737a1420_0, 0;
T_0.12 ;
T_0.8 ;
T_0.1 ;
    %jmp T_0;
    .thread T_0;
    .scope S_0000022d73772ce0;
T_1 ;
    %wait E_0000022d7389a0d0;
    %load/vec4 v0000022d737a1d80_0;
    %flag_set/vec4 8;
    %jmp/0xz  T_1.0, 8;
    %pushi/vec4 1, 0, 1;
    %assign/vec4 v0000022d737a1c40_0, 0;
    %jmp T_1.1;
T_1.0 ;
    %load/vec4 v0000022d737a1240_0;
    %flag_set/vec4 9;
    %flag_get/vec4 9;
    %jmp/0 T_1.4, 9;
    %load/vec4 v0000022d737a1e20_0;
    %nor/r;
    %and;
T_1.4;
    %flag_set/vec4 8;
    %jmp/0xz  T_1.2, 8;
    %load/vec4 v0000022d737a1a60_0;
    %pad/u 10;
    %ix/vec4 4;
    %load/vec4a v0000022d737a2000, 4;
    %load/vec4 v0000022d737a1b00_0;
    %cmp/ne;
    %jmp/0xz  T_1.5, 6;
    %pushi/vec4 0, 0, 1;
    %assign/vec4 v0000022d737a1c40_0, 0;
T_1.5 ;
T_1.2 ;
T_1.1 ;
    %jmp T_1;
    .thread T_1;
# The file index is used to find the file name in the following table.
:file_names 3;
    "N/A";
    "<interactive>";
    "dualPortRAMWave.v";
