#! /c/Source/iverilog-install/bin/vvp
:ivl_version "12.0 (devel)" "(s20150603-1539-g2693dd32b)";
:ivl_delay_selection "TYPICAL";
:vpi_time_precision + 0;
:vpi_module "c:\iverilog\lib\ivl\system.vpi";
:vpi_module "c:\iverilog\lib\ivl\vhdl_sys.vpi";
:vpi_module "c:\iverilog\lib\ivl\vhdl_textio.vpi";
:vpi_module "c:\iverilog\lib\ivl\v2005_math.vpi";
:vpi_module "c:\iverilog\lib\ivl\va_math.vpi";
S_0000029268252ce0 .scope module, "single_port_ram" "single_port_ram" 2 2;
 .timescale 0 0;
    .port_info 0 /INPUT 8 "data";
    .port_info 1 /INPUT 6 "addr";
    .port_info 2 /INPUT 1 "we";
    .port_info 3 /INPUT 1 "clk";
    .port_info 4 /OUTPUT 8 "q";
L_0000029268253c30 .functor BUFZ 8, L_000002926823b5d0, C4<00000000>, C4<00000000>, C4<00000000>;
v00000292682534d0_0 .net *"_ivl_0", 7 0, L_000002926823b5d0;  1 drivers
o0000029268286fe8 .functor BUFZ 6, C4<zzzzzz>; HiZ drive
v000002926823ee50_0 .net "addr", 5 0, o0000029268286fe8;  0 drivers
v000002926823eef0_0 .var "addr_reg", 7 0;
o0000029268287048 .functor BUFZ 1, C4<z>; HiZ drive
v0000029268252e70_0 .net "clk", 0 0, o0000029268287048;  0 drivers
o0000029268287078 .functor BUFZ 8, C4<zzzzzzzz>; HiZ drive
v0000029268252f10_0 .net "data", 7 0, o0000029268287078;  0 drivers
v0000029268252fb0_0 .net "q", 7 0, L_0000029268253c30;  1 drivers
v0000029268253050 .array "ram", 0 63, 7 0;
o00000292682870d8 .functor BUFZ 1, C4<z>; HiZ drive
v00000292682530f0_0 .net "we", 0 0, o00000292682870d8;  0 drivers
E_000002926823c110 .event posedge, v0000029268252e70_0;
L_000002926823b5d0 .array/port v0000029268253050, v000002926823eef0_0;
    .scope S_0000029268252ce0;
T_0 ;
    %wait E_000002926823c110;
    %load/vec4 v00000292682530f0_0;
    %flag_set/vec4 8;
    %jmp/0xz  T_0.0, 8;
    %load/vec4 v0000029268252f10_0;
    %load/vec4 v000002926823ee50_0;
    %pad/u 8;
    %ix/vec4 3;
    %ix/load 4, 0, 0; Constant delay
    %assign/vec4/a/d v0000029268253050, 0, 4;
    %jmp T_0.1;
T_0.0 ;
    %load/vec4 v000002926823ee50_0;
    %pad/u 8;
    %assign/vec4 v000002926823eef0_0, 0;
T_0.1 ;
    %jmp T_0;
    .thread T_0;
# The file index is used to find the file name in the following table.
:file_names 3;
    "N/A";
    "<interactive>";
    "singlePortRAMWAVE.v";
